Clearing Table english_songs...
cleared #_#
Clearing Table hindi_songs...
cleared #_#
fetching metadata from youtube server...
Fetched... :-)
Getting Audio stearm Link for :- Dua Lipa - Break My Heart Official Video ;-)
0 out of 100
Invalid link or Video is removed form the youtube!!!
Getting Audio stearm Link for :- Lady Gaga, Ariana Grande - Rain On Me Official Music Video ;-)
1 out of 100
Getting Audio stearm Link for :- Jason Derulo & Jawsh 685 - Savage Love ;-)
2 out of 100
Invalid link or Video is removed form the youtube!!!
Getting Audio stearm Link for :- Harry Styles - Watermelon Sugar Official Video ;-)
3 out of 100
Invalid link or Video is removed form the youtube!!!
Getting Audio stearm Link for :- SEBASTIAN PAUL - CRUSH Official Music Video ;-)
4 out of 100
Invalid link or Video is removed form the youtube!!!
Getting Audio stearm Link for :- Selena Gomez - Boyfriend ;-)
5 out of 100
Invalid link or Video is removed form the youtube!!!
Getting Audio stearm Link for :- Justin Bieber - Intentions Official Video Short Version ft. Quavo ;-)
6 out of 100
Invalid link or Video is removed form the youtube!!!
Getting Audio stearm Link for :- Doja Cat - Like That Official Video ft. Gucci Mane ;-)
7 out of 100
Invalid link or Video is removed form the youtube!!!
Getting Audio stearm Link for :- Marshmello & Halsey - Be Kind Official Music Video ;-)
8 out of 100
Invalid link or Video is removed form the youtube!!!
Getting Audio stearm Link for :- Dua Lipa - Dont Start Now Official Music Video ;-)
9 out of 100
Invalid link or Video is removed form the youtube!!!
Getting Audio stearm Link for :- Trevor Daniel, Selena Gomez - Past Life Lyrics ;-)
10 out of 100
Invalid link or Video is removed form the youtube!!!
Getting Audio stearm Link for :- Ava Max - Kings & Queens Official Music Video ;-)
11 out of 100
Invalid link or Video is removed form the youtube!!!
Getting Audio stearm Link for :- Harry Styles - Adore You Official Video ;-)
12 out of 100
Invalid link or Video is removed form the youtube!!!
Getting Audio stearm Link for :- Justin Bieber - Yummy Official Video ;-)
13 out of 100
Invalid link or Video is removed form the youtube!!!
Getting Audio stearm Link for :- Katy Perry - Daisies ;-)
14 out of 100
Invalid link or Video is removed form the youtube!!!
Getting Audio stearm Link for :- Kygo, OneRepublic - Lose Somebody ;-)
15 out of 100
Invalid link or Video is removed form the youtube!!!
Getting Audio stearm Link for :- Sam Smith, Demi Lovato - Im Ready ;-)
16 out of 100
Invalid link or Video is removed form the youtube!!!
Getting Audio stearm Link for :- Camila Cabello - My Oh My Official Music Video ft. DaBaby ;-)
17 out of 100
Invalid link or Video is removed form the youtube!!!
Getting Audio stearm Link for :- Halsey - You should be sad ;-)
18 out of 100
Invalid link or Video is removed form the youtube!!!
Getting Audio stearm Link for :- Alicia Keys - Underdog Official Video ;-)
19 out of 100
Invalid link or Video is removed form the youtube!!!
Getting Audio stearm Link for :- Black Eyed Peas, Ozuna, J. Rey Soul - MAMACITA Official Music Video ;-)
20 out of 100
Invalid link or Video is removed form the youtube!!!
Getting Audio stearm Link for :- Demi Lovato - I Love Me ;-)
21 out of 100
Invalid link or Video is removed form the youtube!!!
Getting Audio stearm Link for :- BENEE - Supalonely ft. Gus Dapperton ;-)
22 out of 100
Invalid link or Video is removed form the youtube!!!
Getting Audio stearm Link for :- ROSALÍA & Travis Scott - TKN Official Video ;-)
23 out of 100
Invalid link or Video is removed form the youtube!!!
Getting Audio stearm Link for :- Lady Gaga, BLACKPINK - Sour Candy Audio ;-)
24 out of 100
Invalid link or Video is removed form the youtube!!!
Getting Audio stearm Link for :- Hailee Steinfeld - I Love Yous Official Video ;-)
25 out of 100
Invalid link or Video is removed form the youtube!!!
Getting Audio stearm Link for :- Surf Mesa - ily i love you baby ft. Emilee ;-)
26 out of 100
Invalid link or Video is removed form the youtube!!!
Getting Audio stearm Link for :- Jonas Brothers - X ft. KAROL G ;-)
27 out of 100
Invalid link or Video is removed form the youtube!!!
Getting Audio stearm Link for :- Lady Gaga - Stupid Love Official Music Video ;-)
28 out of 100
Invalid link or Video is removed form the youtube!!!
Getting Audio stearm Link for :- Sub Urban - Freak feat. REI AMI Official Music Video ;-)
29 out of 100
Invalid link or Video is removed form the youtube!!!
Getting Audio stearm Link for :- Dua Lipa - Physical Official Video ;-)
30 out of 100
Invalid link or Video is removed form the youtube!!!
Getting Audio stearm Link for :- Melanie Martinez - Play Date Official Lyric Video ;-)
31 out of 100
Invalid link or Video is removed form the youtube!!!
Getting Audio stearm Link for :- The Weeknd - Blinding Lights Official Music Video ;-)
32 out of 100
Invalid link or Video is removed form the youtube!!!
Getting Audio stearm Link for :- JP Saxe - If the World Was Ending Official Video ft. Julia Michaels ;-)
33 out of 100
Invalid link or Video is removed form the youtube!!!
Getting Audio stearm Link for :- Powfu - death bed coffee for your head Official Video ft. beabadoobee ;-)
34 out of 100
Invalid link or Video is removed form the youtube!!!
Getting Audio stearm Link for :- Anne-Marie - BIRTHDAY Official Video ;-)
35 out of 100
Invalid link or Video is removed form the youtube!!!
Getting Audio stearm Link for :- Megan Thee Stallion - Savage Remix feat. Beyoncé Official Audio ;-)
36 out of 100
Invalid link or Video is removed form the youtube!!!
Getting Audio stearm Link for :- Topic, A7S - Breaking Me ft. A7S ;-)
37 out of 100
Invalid link or Video is removed form the youtube!!!
Getting Audio stearm Link for :- Sam Fischer - This City Official Video ;-)
38 out of 100
Invalid link or Video is removed form the youtube!!!
Getting Audio stearm Link for :- Doja Cat - Say So Official Video ;-)
39 out of 100
Invalid link or Video is removed form the youtube!!!
Getting Audio stearm Link for :- Taylor Swift - The Man Official Video ;-)
40 out of 100
Invalid link or Video is removed form the youtube!!!
Getting Audio stearm Link for :- Sam Smith - To Die For ;-)
41 out of 100
Invalid link or Video is removed form the youtube!!!
Getting Audio stearm Link for :- Selena Gomez - Feel Me Lyric Video ;-)
42 out of 100
Invalid link or Video is removed form the youtube!!!
Getting Audio stearm Link for :- The Weeknd - In Your Eyes Official Video ;-)
43 out of 100
Invalid link or Video is removed form the youtube!!!
Getting Audio stearm Link for :- The Pussycat Dolls - React ;-)
44 out of 100
Invalid link or Video is removed form the youtube!!!
Getting Audio stearm Link for :- Niall Horan - No Judgement Official ;-)
45 out of 100
Invalid link or Video is removed form the youtube!!!
Getting Audio stearm Link for :- Khalid, Disclosure - Know Your Worth Official Audio ;-)
46 out of 100
Invalid link or Video is removed form the youtube!!!
Getting Audio stearm Link for :- Meek Mill - Believe feat. Justin Timberlake Official Music Video ;-)
47 out of 100
Invalid link or Video is removed form the youtube!!!
Getting Audio stearm Link for :- Katy Perry - Never Worn White Official ;-)
48 out of 100
Getting Audio stearm Link for :- Kesha - High Road Official Video ;-)
49 out of 100
Getting Audio stearm Link for :- Jonas Brothers - What A Man Gotta Do Official Video ;-)
50 out of 100
Invalid link or Video is removed form the youtube!!!
Getting Audio stearm Link for :- Trevor Daniel - Falling Official Music Video ;-)
51 out of 100
Invalid link or Video is removed form the youtube!!!
Getting Audio stearm Link for :- TONES AND I - DANCE MONKEY OFFICIAL VIDEO ;-)
52 out of 100
Invalid link or Video is removed form the youtube!!!
Getting Audio stearm Link for :- Billie Eilish - everything i wanted ;-)
53 out of 100
Invalid link or Video is removed form the youtube!!!
Getting Audio stearm Link for :- Selena Gomez - Rare Official Music Video ;-)
54 out of 100
Getting Audio stearm Link for :- Alan Walker & Ava Max - Alone, Pt. II ;-)
55 out of 100
Invalid link or Video is removed form the youtube!!!
Getting Audio stearm Link for :- Maroon 5 - Memories Official Video ;-)
56 out of 100
Invalid link or Video is removed form the youtube!!!
Getting Audio stearm Link for :- Black Eyed Peas, J Balvin - RITMO Bad Boys For Life ;-)
57 out of 100
Invalid link or Video is removed form the youtube!!!
Getting Audio stearm Link for :- Post Malone - Circles ;-)
58 out of 100
Invalid link or Video is removed form the youtube!!!
Unable to Complet operation
All changes save to Database ^_^ 
Enjoy your Day!!!
fetching metadata from youtube server...
Fetched... :-)
Getting Audio stearm Link for :- Ed Sheeran - Shape of You Official Video ;-)
0 out of 200
Invalid link or Video is removed form the youtube!!!
Getting Audio stearm Link for :- Maroon 5 - Girls Like You ft. Cardi B Official Music Video ;-)
1 out of 200
Invalid link or Video is removed form the youtube!!!
Getting Audio stearm Link for :- Ellie Goulding - Power ;-)
2 out of 200
Invalid link or Video is removed form the youtube!!!
Getting Audio stearm Link for :- The 1975 - Guys Official Video ;-)
3 out of 200
Invalid link or Video is removed form the youtube!!!
Getting Audio stearm Link for :- Trevor Daniel, Selena Gomez - Past Life Lyrics ;-)
4 out of 200
Invalid link or Video is removed form the youtube!!!
Getting Audio stearm Link for :- Dua Lipa - New Rules Official Music Video ;-)
5 out of 200
Invalid link or Video is removed form the youtube!!!
Getting Audio stearm Link for :- Lady Gaga, BLACKPINK - Sour Candy Lyric Video ;-)
6 out of 200
Invalid link or Video is removed form the youtube!!!
Getting Audio stearm Link for :- Charlie Puth - Girlfriend Official Audio ;-)
7 out of 200
Invalid link or Video is removed form the youtube!!!
Getting Audio stearm Link for :- Dua Lipa - Break My Heart Official Video ;-)
8 out of 200
Invalid link or Video is removed form the youtube!!!
Getting Audio stearm Link for :- Miquela - Speak Up Official Music Video ;-)
9 out of 200
Invalid link or Video is removed form the youtube!!!
Getting Audio stearm Link for :- Surf Mesa - ily i love you baby ft. Emilee ;-)
10 out of 200
Invalid link or Video is removed form the youtube!!!
Getting Audio stearm Link for :- Katy Perry - Roar Official ;-)
11 out of 200
Invalid link or Video is removed form the youtube!!!
Getting Audio stearm Link for :- Maroon 5 - Sugar Official Music Video ;-)
12 out of 200
Getting Audio stearm Link for :- Usher - I Cry Official Video ;-)
13 out of 200
Invalid link or Video is removed form the youtube!!!
Getting Audio stearm Link for :- Passenger | Let Her Go Official Video ;-)
14 out of 200
Invalid link or Video is removed form the youtube!!!
Getting Audio stearm Link for :- The 1975 - If You’re Too Shy Let Me Know Official Live Video ;-)
15 out of 200
Invalid link or Video is removed form the youtube!!!
Getting Audio stearm Link for :- Lady Gaga, Ariana Grande - Rain On Me Official Music Video ;-)
16 out of 200
Getting Audio stearm Link for :- Peach Tree Rascals - not ok Official Music Video ;-)
17 out of 200
Invalid link or Video is removed form the youtube!!!
Getting Audio stearm Link for :- Mark Ronson - Uptown Funk Official Video ft. Bruno Mars ;-)
18 out of 200
Invalid link or Video is removed form the youtube!!!
Getting Audio stearm Link for :- Bruno Mars - The Lazy Song Official Video ;-)
19 out of 200
Invalid link or Video is removed form the youtube!!!
Getting Audio stearm Link for :- Sam I - “Dont Give Up” feat Sia, Busta Rhymes & Vic Mensa Heaven: Short Film Dance Rehearsal BTS ;-)
20 out of 200
Invalid link or Video is removed form the youtube!!!
Getting Audio stearm Link for :- ZAYN - Dusk Till Dawn ft. Sia Official Music Video ;-)
21 out of 200
Invalid link or Video is removed form the youtube!!!
Getting Audio stearm Link for :- Jonah Mutono - Spare Official Video ;-)
22 out of 200
Invalid link or Video is removed form the youtube!!!
Getting Audio stearm Link for :- Faouzia - Tears of Gold Official Music Video ;-)
23 out of 200
Invalid link or Video is removed form the youtube!!!
Getting Audio stearm Link for :- Dua Lipa - Dont Start Now Official Music Video ;-)
24 out of 200
Invalid link or Video is removed form the youtube!!!
Getting Audio stearm Link for :- Alec Benjamin - Oh My God Tour Video ;-)
25 out of 200
Invalid link or Video is removed form the youtube!!!
Getting Audio stearm Link for :- Ed Sheeran - Thinking Out Loud Official Video ;-)
26 out of 200
Invalid link or Video is removed form the youtube!!!
Getting Audio stearm Link for :- NEFFEX - Im Not Worth It Official Lyric Video ;-)
27 out of 200
Invalid link or Video is removed form the youtube!!!
Getting Audio stearm Link for :- Katy Perry - Dark Horse Official ft. Juicy J ;-)
28 out of 200
Invalid link or Video is removed form the youtube!!!
Getting Audio stearm Link for :- CARYS - No More Official Music Video ;-)
29 out of 200
Invalid link or Video is removed form the youtube!!!
Getting Audio stearm Link for :- Adele - Someone Like You Official Music Video ;-)
30 out of 200
Invalid link or Video is removed form the youtube!!!
Getting Audio stearm Link for :- Maroon 5 - Memories Official Video ;-)
31 out of 200
Invalid link or Video is removed form the youtube!!!
Getting Audio stearm Link for :- Sean Kennedy - Paperboy Official Video ;-)
32 out of 200
Invalid link or Video is removed form the youtube!!!
Getting Audio stearm Link for :- Lady Gaga, Bradley Cooper - Shallow from A Star Is Born Official Music Video ;-)
33 out of 200
Invalid link or Video is removed form the youtube!!!
Getting Audio stearm Link for :- Francesco Yates - Superbad Short Film ;-)
34 out of 200
Invalid link or Video is removed form the youtube!!!
Getting Audio stearm Link for :- Ed Sheeran - Perfect Official Music Video ;-)
35 out of 200
Invalid link or Video is removed form the youtube!!!
Getting Audio stearm Link for :- Clean Bandit - Rockabye feat. Sean Paul & Anne-Marie Official Video ;-)
36 out of 200
Invalid link or Video is removed form the youtube!!!
Getting Audio stearm Link for :- Ghost - Annaca Lyric Video ;-)
37 out of 200
Invalid link or Video is removed form the youtube!!!
Getting Audio stearm Link for :- Dua Lipa - Physical Official Video ;-)
38 out of 200
Invalid link or Video is removed form the youtube!!!
Getting Audio stearm Link for :- Charlie Puth - We Dont Talk Anymore feat. Selena Gomez Official Video ;-)
39 out of 200
Invalid link or Video is removed form the youtube!!!
Getting Audio stearm Link for :- Petit Biscuit - I Leave Again with Shallou Lyrics ;-)
40 out of 200
Invalid link or Video is removed form the youtube!!!
Getting Audio stearm Link for :- Christina Perri - A Thousand Years Official Music Video ;-)
41 out of 200
Invalid link or Video is removed form the youtube!!!
Getting Audio stearm Link for :- Marshmello & Anne-Marie - FRIENDS Music Video *OFFICIAL FRIENDZONE ANTHEM* ;-)
42 out of 200
Invalid link or Video is removed form the youtube!!!
Getting Audio stearm Link for :- Lewis Capaldi - Someone You Loved ;-)
43 out of 200
Invalid link or Video is removed form the youtube!!!
Getting Audio stearm Link for :- Christian Lalama - Gotta Be You Official Music Video ;-)
44 out of 200
Invalid link or Video is removed form the youtube!!!
Getting Audio stearm Link for :- Ed Sheeran - Photograph Official Music Video ;-)
45 out of 200
Invalid link or Video is removed form the youtube!!!
Getting Audio stearm Link for :- How Could I Be Mad? ;-)
46 out of 200
Invalid link or Video is removed form the youtube!!!
Getting Audio stearm Link for :- Gotye - Somebody That I Used To Know feat. Kimbra - official music video ;-)
47 out of 200
Invalid link or Video is removed form the youtube!!!
Getting Audio stearm Link for :- BENNETT - Give Me a Reason Official Music Video ;-)
48 out of 200
Invalid link or Video is removed form the youtube!!!
Getting Audio stearm Link for :- Lady Gaga - Bad Romance Official Music Video ;-)
49 out of 200
Invalid link or Video is removed form the youtube!!!
Getting Audio stearm Link for :- KILL NIGEL - Attached ft. theophilus London ;-)
50 out of 200
Invalid link or Video is removed form the youtube!!!
Getting Audio stearm Link for :- THEY. - Count Me In Official Lyric Video ;-)
51 out of 200
Invalid link or Video is removed form the youtube!!!
Getting Audio stearm Link for :- Ed Sheeran - South of the Border feat. Camila Cabello & Cardi B Official Video ;-)
52 out of 200
Invalid link or Video is removed form the youtube!!!
Getting Audio stearm Link for :- Myles Erlick - Sweat ;-)
53 out of 200
Invalid link or Video is removed form the youtube!!!
Getting Audio stearm Link for :- Fifth Harmony - Work from Home Official Video ft. Ty Dolla $ign ;-)
54 out of 200
Invalid link or Video is removed form the youtube!!!
Getting Audio stearm Link for :- Charlie Puth - Attention Official Video ;-)
55 out of 200
Invalid link or Video is removed form the youtube!!!
Getting Audio stearm Link for :- Anna Clendening - Get Me Official Music Video ;-)
56 out of 200
Invalid link or Video is removed form the youtube!!!
Getting Audio stearm Link for :- Ariana Grande ft. Nicki Minaj - Side To Side Official Video ft. Nicki Minaj ;-)
57 out of 200
Invalid link or Video is removed form the youtube!!!
Getting Audio stearm Link for :- Lady Gaga - Stupid Love Official Music Video ;-)
58 out of 200
Invalid link or Video is removed form the youtube!!!
Getting Audio stearm Link for :- Adele - Hello ;-)
59 out of 200
Invalid link or Video is removed form the youtube!!!
Getting Audio stearm Link for :- HONNE - no song without you ;-)
60 out of 200
Invalid link or Video is removed form the youtube!!!
Getting Audio stearm Link for :- Jessie J, Ariana Grande, Nicki Minaj - Bang Bang Official Video ;-)
61 out of 200
Invalid link or Video is removed form the youtube!!!
Getting Audio stearm Link for :- Ava Max - Sweet but Psycho Official Music Video ;-)
62 out of 200
Invalid link or Video is removed form the youtube!!!
Getting Audio stearm Link for :- KERRIA - No More Official Music Video ;-)
63 out of 200
Invalid link or Video is removed form the youtube!!!
Getting Audio stearm Link for :- Sam Smith - How Do You Sleep? Official Video ;-)
64 out of 200
Invalid link or Video is removed form the youtube!!!
Getting Audio stearm Link for :- Alec Wigdahl - Lipstick Official Audio ;-)
65 out of 200
Invalid link or Video is removed form the youtube!!!
Getting Audio stearm Link for :- Sia - Cheap Thrills Lyric Video ft. Sean Paul ;-)
66 out of 200
Invalid link or Video is removed form the youtube!!!
Getting Audio stearm Link for :- GARZA - Unredeemable You feat. EMELINE Official Lyric Video ;-)
67 out of 200
Invalid link or Video is removed form the youtube!!!
Getting Audio stearm Link for :- Adele - Rolling in the Deep Official Music Video ;-)
68 out of 200
Invalid link or Video is removed form the youtube!!!
Getting Audio stearm Link for :- MAGIC! - Rude Official Music Video ;-)
69 out of 200
Invalid link or Video is removed form the youtube!!!
Getting Audio stearm Link for :- Selena Gomez - Lose You To Love Me Official Music Video ;-)
70 out of 200
Invalid link or Video is removed form the youtube!!!
Getting Audio stearm Link for :- Justin Bieber - Sorry PURPOSE : The Movement ;-)
71 out of 200
ERROR: This video is DRM protected.
Invalid link or Video is removed form the youtube!!!
Getting Audio stearm Link for :- Johnny Balik - Angels Live Acoustic Official Video ;-)
72 out of 200
Invalid link or Video is removed form the youtube!!!
Getting Audio stearm Link for :- Harry Styles - Sign of the Times Video ;-)
73 out of 200
Invalid link or Video is removed form the youtube!!!
Getting Audio stearm Link for :- Clean Bandit - Symphony feat. Zara Larsson Official Video ;-)
74 out of 200
Invalid link or Video is removed form the youtube!!!
Getting Audio stearm Link for :- Selena Gomez - Look At Her Now Official Music Video ;-)
75 out of 200
Invalid link or Video is removed form the youtube!!!
Getting Audio stearm Link for :- Alec Benjamin - Let Me Down Slowly Official Music Video ;-)
76 out of 200
Invalid link or Video is removed form the youtube!!!
Getting Audio stearm Link for :- Alaina Castillo - pass you by Official Video ;-)
77 out of 200
Invalid link or Video is removed form the youtube!!!
Getting Audio stearm Link for :- Sia - Chandelier Official Music Video ;-)
78 out of 200
Invalid link or Video is removed form the youtube!!!
Getting Audio stearm Link for :- ALX - Crash Official Video ;-)
79 out of 200
Invalid link or Video is removed form the youtube!!!
Getting Audio stearm Link for :- Lukas Graham - 7 Years OFFICIAL MUSIC VIDEO ;-)
80 out of 200
Invalid link or Video is removed form the youtube!!!
Getting Audio stearm Link for :- Ariana Grande, Social House - boyfriend Official Video ;-)
81 out of 200
Invalid link or Video is removed form the youtube!!!
Getting Audio stearm Link for :- Jason Derulo - Wiggle feat. Snoop Dogg Official Music Video ;-)
82 out of 200
Invalid link or Video is removed form the youtube!!!
Getting Audio stearm Link for :- Lady Gaga - Poker Face Official Music Video ;-)
83 out of 200
Invalid link or Video is removed form the youtube!!!
Getting Audio stearm Link for :- Panic! At The Disco - High Hopes Official Video ;-)
84 out of 200
Invalid link or Video is removed form the youtube!!!
Getting Audio stearm Link for :- Ariana Grande, Miley Cyrus, Lana Del Rey - Don’t Call Me Angel Charlie’s Angels ;-)
85 out of 200
Invalid link or Video is removed form the youtube!!!
Getting Audio stearm Link for :- Halsey - Without Me ;-)
86 out of 200
Invalid link or Video is removed form the youtube!!!
Getting Audio stearm Link for :- Donna Missal - Let You Let Me Down ;-)
87 out of 200
Invalid link or Video is removed form the youtube!!!
Getting Audio stearm Link for :- Little Mix - Black Magic Official Video ;-)
88 out of 200
Invalid link or Video is removed form the youtube!!!
Getting Audio stearm Link for :- Beyoncé - Halo ;-)
89 out of 200
ERROR: bnVUHWCynig: YouTube said: Unable to extract video data
Invalid link or Video is removed form the youtube!!!
Getting Audio stearm Link for :- Imagine Dragons - Birds Animated Video ;-)
90 out of 200
Invalid link or Video is removed form the youtube!!!
Getting Audio stearm Link for :- Camila Cabello - Havana Vertical Video ft. Young Thug ;-)
91 out of 200
Invalid link or Video is removed form the youtube!!!
Getting Audio stearm Link for :- Tommy Kristo - Estoy Muerto Official Video ;-)
92 out of 200
Getting Audio stearm Link for :- Bruno Mars - 24K Magic Official Video ;-)
93 out of 200
Invalid link or Video is removed form the youtube!!!
Getting Audio stearm Link for :- MARUV & Boosin — I Want You | music video премьера клипа 2020 ;-)
94 out of 200
Invalid link or Video is removed form the youtube!!!
Getting Audio stearm Link for :- Shakira - Hips Dont Lie ft. Wyclef Jean ;-)
95 out of 200
Invalid link or Video is removed form the youtube!!!
Getting Audio stearm Link for :- Taylor Swift - Lover ;-)
96 out of 200
Getting Audio stearm Link for :- Shawn Mendes - Treat You Better ;-)
97 out of 200
Invalid link or Video is removed form the youtube!!!
Getting Audio stearm Link for :- Clean Bandit - Solo feat. Demi Lovato Official Video ;-)
98 out of 200
Invalid link or Video is removed form the youtube!!!
Getting Audio stearm Link for :- James Arthur - Say You Wont Let Go ;-)
99 out of 200
Invalid link or Video is removed form the youtube!!!
Getting Audio stearm Link for :- Jeremy Zucker - comethru Official Video ;-)
100 out of 200
Invalid link or Video is removed form the youtube!!!
Getting Audio stearm Link for :- IVAN HERMEZ  - You Are The 1Official Audio ;-)
101 out of 200
Invalid link or Video is removed form the youtube!!!
Getting Audio stearm Link for :- Fifth Harmony - Worth It Official Video ft. Kid Ink ;-)
102 out of 200
Invalid link or Video is removed form the youtube!!!
Getting Audio stearm Link for :- Sam Smith - Im Not The Only One Official Video ;-)
103 out of 200
Invalid link or Video is removed form the youtube!!!
Getting Audio stearm Link for :- Dua Lipa - IDGAF Official Music Video ;-)
104 out of 200
Invalid link or Video is removed form the youtube!!!
Getting Audio stearm Link for :- One Direction - Drag Me Down Official Video ;-)
105 out of 200
Getting Audio stearm Link for :- Jennifer Lopez - On The Floor ft. Pitbull ;-)
106 out of 200
Invalid link or Video is removed form the youtube!!!
Getting Audio stearm Link for :- Anne-Marie - 2002 Official Video ;-)
107 out of 200
Invalid link or Video is removed form the youtube!!!
Getting Audio stearm Link for :- Bruno Mars - When I Was Your Man Official Video ;-)
108 out of 200
Invalid link or Video is removed form the youtube!!!
Getting Audio stearm Link for :- Madonna - Hung Up Official Music Video ;-)
109 out of 200
Invalid link or Video is removed form the youtube!!!
Getting Audio stearm Link for :- Nick Lopez - Not Going Out Tonight ;-)
110 out of 200
Invalid link or Video is removed form the youtube!!!
Getting Audio stearm Link for :- Taylor Swift - Look What You Made Me Do ;-)
111 out of 200
Invalid link or Video is removed form the youtube!!!
Getting Audio stearm Link for :- Hukspidey - Purpose Official music video ;-)
112 out of 200
Invalid link or Video is removed form the youtube!!!
Getting Audio stearm Link for :- One Direction - Story of My Life ;-)
113 out of 200
Invalid link or Video is removed form the youtube!!!
Getting Audio stearm Link for :- Johnny Balik - Free Fall Official Music Video ;-)
114 out of 200
Invalid link or Video is removed form the youtube!!!
Getting Audio stearm Link for :- P!nk - Just Give Me A Reason ft. Nate Ruess ;-)
115 out of 200
Invalid link or Video is removed form the youtube!!!
Getting Audio stearm Link for :- Bruno Mars - Locked Out Of Heaven Official Video ;-)
116 out of 200
Invalid link or Video is removed form the youtube!!!
Getting Audio stearm Link for :- Scott Helman - Wait No More - Official Music Video ;-)
117 out of 200
Invalid link or Video is removed form the youtube!!!
Getting Audio stearm Link for :- Bruno Mars - Just The Way You Are Official Video ;-)
118 out of 200
Invalid link or Video is removed form the youtube!!!
Getting Audio stearm Link for :- Maroon 5 - Dont Wanna Know ft. Kendrick Lamar Audio ;-)
119 out of 200
Invalid link or Video is removed form the youtube!!!
Getting Audio stearm Link for :- Oscar Welsh - Sixteen ;-)
120 out of 200
Invalid link or Video is removed form the youtube!!!
Getting Audio stearm Link for :- DJ Snake - Let Me Love You ft. Justin Bieber Official Video ;-)
121 out of 200
Invalid link or Video is removed form the youtube!!!
Getting Audio stearm Link for :- Sam Smith - Too Good At Goodbyes Official Video ;-)
122 out of 200
Invalid link or Video is removed form the youtube!!!
Getting Audio stearm Link for :- Second Chances - Tom Fublé Official Music Video ;-)
123 out of 200
Invalid link or Video is removed form the youtube!!!
Getting Audio stearm Link for :- Ariana Grande - Into You Official Video ;-)
124 out of 200
Invalid link or Video is removed form the youtube!!!
Getting Audio stearm Link for :- Katy Perry - Hot N Cold Official ;-)
125 out of 200
Invalid link or Video is removed form the youtube!!!
Getting Audio stearm Link for :- Bruno Mars - Grenade Official Video ;-)
126 out of 200
Invalid link or Video is removed form the youtube!!!
Getting Audio stearm Link for :- Carly Rae Jepsen - Call Me Maybe ;-)
127 out of 200
Invalid link or Video is removed form the youtube!!!
Getting Audio stearm Link for :- Calum Scott - You Are The Reason Official ;-)
128 out of 200
Invalid link or Video is removed form the youtube!!!
Getting Audio stearm Link for :- updog - useless ;-)
129 out of 200
Invalid link or Video is removed form the youtube!!!
Getting Audio stearm Link for :- Taylor Swift - Blank Space ;-)
130 out of 200
Invalid link or Video is removed form the youtube!!!
Getting Audio stearm Link for :- Jason Mraz - Im Yours Official Video ;-)
131 out of 200
Invalid link or Video is removed form the youtube!!!
Getting Audio stearm Link for :- Ariana Grande - no tears left to cry Official Video ;-)
132 out of 200
Invalid link or Video is removed form the youtube!!!
Getting Audio stearm Link for :- One Direction - What Makes You Beautiful Official Video ;-)
133 out of 200
Invalid link or Video is removed form the youtube!!!
Getting Audio stearm Link for :- Ariana Grande - Dangerous Woman ;-)
134 out of 200
Invalid link or Video is removed form the youtube!!!
Getting Audio stearm Link for :- Taylor Swift - You Belong With Me ;-)
135 out of 200
Invalid link or Video is removed form the youtube!!!
Getting Audio stearm Link for :- Shawn Mendes - Stitches Official Video ;-)
136 out of 200
Invalid link or Video is removed form the youtube!!!
Getting Audio stearm Link for :- Lauv - I Like Me Better Official Video ;-)
137 out of 200
Invalid link or Video is removed form the youtube!!!
Getting Audio stearm Link for :- Rihanna - Diamonds ;-)
138 out of 200
Getting Audio stearm Link for :- Ellie Goulding - Love Me Like You Do Official Video ;-)
139 out of 200
Invalid link or Video is removed form the youtube!!!
Getting Audio stearm Link for :- Shawn Mendes - Theres Nothing Holdin Me Back ;-)
140 out of 200
Invalid link or Video is removed form the youtube!!!
Getting Audio stearm Link for :- Dua Lipa - Be The One Official Music Video ;-)
141 out of 200
Getting Audio stearm Link for :- Bebe Rexha - Meant to Be feat. Florida Georgia Line Official Music Video ;-)
142 out of 200
Invalid link or Video is removed form the youtube!!!
Getting Audio stearm Link for :- Meghan Trainor - All About That Bass ;-)
143 out of 200
Invalid link or Video is removed form the youtube!!!
Getting Audio stearm Link for :- Katy Perry - Firework Official ;-)
144 out of 200
Getting Audio stearm Link for :- Sia - Elastic Heart feat. Shia LaBeouf & Maddie Ziegler Official Video ;-)
145 out of 200
Invalid link or Video is removed form the youtube!!!
Getting Audio stearm Link for :- Jared Dylan - I REALLY WANT IT Lyric Video ;-)
146 out of 200
Invalid link or Video is removed form the youtube!!!
Getting Audio stearm Link for :- Adele - Send My Love To Your New Lover ;-)
147 out of 200
Invalid link or Video is removed form the youtube!!!
Getting Audio stearm Link for :- Clean Bandit - Rather Be ft. Jess Glynne Official Video ;-)
148 out of 200
Invalid link or Video is removed form the youtube!!!
Getting Audio stearm Link for :- Gabby Barrett - I Hope ft. Charlie Puth Audio ;-)
149 out of 200
Invalid link or Video is removed form the youtube!!!
Getting Audio stearm Link for :- The Pussycat Dolls - Buttons ft. Snoop Dogg Official Music Video ;-)
150 out of 200
Invalid link or Video is removed form the youtube!!!
Getting Audio stearm Link for :- Katy Perry - Bon Appétit Official ft. Migos ;-)
151 out of 200
Invalid link or Video is removed form the youtube!!!
Getting Audio stearm Link for :- James Arthur - Impossible Official Music Video ;-)
152 out of 200
Invalid link or Video is removed form the youtube!!!
Getting Audio stearm Link for :- Pitbull - Rain Over Me ft. Marc Anthony ;-)
153 out of 200
Invalid link or Video is removed form the youtube!!!
Getting Audio stearm Link for :- Shakira - Cant Remember to Forget You ft. Rihanna ;-)
154 out of 200
Invalid link or Video is removed form the youtube!!!
Getting Audio stearm Link for :- Katy Perry - The One That Got Away Official Video ;-)
155 out of 200
Invalid link or Video is removed form the youtube!!!
Getting Audio stearm Link for :- One Direction - You & I ;-)
156 out of 200
Invalid link or Video is removed form the youtube!!!
Getting Audio stearm Link for :- Maroon 5 - Payphone ft. Wiz Khalifa Explicit Official Music Video ;-)
157 out of 200
Invalid link or Video is removed form the youtube!!!
Getting Audio stearm Link for :- OneRepublic - Counting Stars Official Music Video ;-)
158 out of 200
Invalid link or Video is removed form the youtube!!!
Getting Audio stearm Link for :- Taylor Swift - Bad Blood ft. Kendrick Lamar ;-)
159 out of 200
Invalid link or Video is removed form the youtube!!!
Getting Audio stearm Link for :- Taylor Swift - Love Story ;-)
160 out of 200
Invalid link or Video is removed form the youtube!!!
Getting Audio stearm Link for :- Naughty Boy - La la la ft. Sam Smith Official Video ;-)
161 out of 200
Invalid link or Video is removed form the youtube!!!
Getting Audio stearm Link for :- Maroon 5 - What Lovers Do ft. SZA Official Music Video ;-)
162 out of 200
Invalid link or Video is removed form the youtube!!!
Getting Audio stearm Link for :- Ariana Grande ft. Iggy Azalea - Problem Official Video ;-)
163 out of 200
Invalid link or Video is removed form the youtube!!!
Getting Audio stearm Link for :- Katy Perry - Part Of Me Official ;-)
164 out of 200
Invalid link or Video is removed form the youtube!!!
Getting Audio stearm Link for :- Charlie Puth - One Call Away Official Video ;-)
165 out of 200
Invalid link or Video is removed form the youtube!!!
Getting Audio stearm Link for :- Taylor Swift - Wildest Dreams ;-)
166 out of 200
Invalid link or Video is removed form the youtube!!!
Getting Audio stearm Link for :- Taylor Swift - Shake It Off ;-)
167 out of 200
Invalid link or Video is removed form the youtube!!!
Getting Audio stearm Link for :- Justin Bieber - Never Say Never Official Music Video ft. Jaden Smith ;-)
168 out of 200
Invalid link or Video is removed form the youtube!!!
Getting Audio stearm Link for :- Surrender- Natalie Taylor ;-)
169 out of 200
Invalid link or Video is removed form the youtube!!!
Getting Audio stearm Link for :- Robin Thicke - Blurred Lines ft. T.I., Pharrell Official Music Video ;-)
170 out of 200
Invalid link or Video is removed form the youtube!!!
Getting Audio stearm Link for :- gnash - i hate u, i love u ft. olivia obrien music video ;-)
171 out of 200
Invalid link or Video is removed form the youtube!!!
Getting Audio stearm Link for :- Timbaland - Apologize ft. OneRepublic ;-)
172 out of 200
Invalid link or Video is removed form the youtube!!!
Getting Audio stearm Link for :- Melanie Martinez - Dollhouse Official Music Video ;-)
173 out of 200
Invalid link or Video is removed form the youtube!!!
Getting Audio stearm Link for :- Little Mix - Power Official Video ft. Stormzy ;-)
174 out of 200
Invalid link or Video is removed form the youtube!!!
Getting Audio stearm Link for :- Justin Bieber - What Do You Mean? Official Lyric Video ;-)
175 out of 200
Invalid link or Video is removed form the youtube!!!
Getting Audio stearm Link for :- Britney Spears - Toxic Official Video ;-)
176 out of 200
Invalid link or Video is removed form the youtube!!!
Getting Audio stearm Link for :- Rihanna - Stay ft. Mikky Ekko ;-)
177 out of 200
Invalid link or Video is removed form the youtube!!!
Getting Audio stearm Link for :- Katy Perry - California Gurls Official ft. Snoop Dogg ;-)
178 out of 200
Invalid link or Video is removed form the youtube!!!
Getting Audio stearm Link for :- Chord Overstreet - Hold On Official Lyric Video ;-)
179 out of 200
Invalid link or Video is removed form the youtube!!!
Getting Audio stearm Link for :- Shawn Mendes - Youth Lyric Video ft. Khalid ;-)
180 out of 200
Getting Audio stearm Link for :- Ariana Grande, The Weeknd - Love Me Harder Official Video ;-)
181 out of 200
Getting Audio stearm Link for :- Sia - The Greatest ;-)
182 out of 200
Getting Audio stearm Link for :- Bebe Rexha - Im A Mess Official Music Video ;-)
183 out of 200
Invalid link or Video is removed form the youtube!!!
Getting Audio stearm Link for :- Jessie J - Price Tag ft. B.o.B ;-)
184 out of 200
Invalid link or Video is removed form the youtube!!!
Getting Audio stearm Link for :- Miley Cyrus - Party In The U.S.A. ;-)
185 out of 200
Invalid link or Video is removed form the youtube!!!
Getting Audio stearm Link for :- Ill Never Love Again from A Star Is Born Official Music Video ;-)
186 out of 200
Invalid link or Video is removed form the youtube!!!
Getting Audio stearm Link for :- One Direction - One Thing ;-)
187 out of 200
Invalid link or Video is removed form the youtube!!!
Getting Audio stearm Link for :- Meghan Trainor - Me Too ;-)
188 out of 200
Invalid link or Video is removed form the youtube!!!
Getting Audio stearm Link for :- Little Mix - Secret Love Song Official Video ft. Jason Derulo ;-)
189 out of 200
Invalid link or Video is removed form the youtube!!!
Getting Audio stearm Link for :- Ke$ha - TiK ToK ;-)
190 out of 200
Invalid link or Video is removed form the youtube!!!
Getting Audio stearm Link for :- Justin Bieber - Love Yourself Official Music Video ;-)
191 out of 200
Invalid link or Video is removed form the youtube!!!
Getting Audio stearm Link for :- B.o.B - Nothin On You feat. Bruno Mars Official Video ;-)
192 out of 200
Invalid link or Video is removed form the youtube!!!
Getting Audio stearm Link for :- Zara Larsson - Lush Life Official Music Video ;-)
193 out of 200
Invalid link or Video is removed form the youtube!!!
Getting Audio stearm Link for :- Rachel Platten - Fight Song Official Video ;-)
194 out of 200
Invalid link or Video is removed form the youtube!!!
Getting Audio stearm Link for :- Little Mix - Woman Like Me Official Video ft. Nicki Minaj ;-)
195 out of 200
Invalid link or Video is removed form the youtube!!!
Getting Audio stearm Link for :- Charlie Puth - How Long Official Video ;-)
196 out of 200
Invalid link or Video is removed form the youtube!!!
Getting Audio stearm Link for :- Rihanna - Only Girl In The World Official Music Video ;-)
197 out of 200
Invalid link or Video is removed form the youtube!!!
Getting Audio stearm Link for :- One Direction - Night Changes ;-)
198 out of 200
Invalid link or Video is removed form the youtube!!!
Getting Audio stearm Link for :- Shakira - Whenever, Wherever Video ;-)
199 out of 200
Invalid link or Video is removed form the youtube!!!
total link found:- 11 
All changes save to Database ^_^ 
Enjoy your Day!!!
fetching metadata from youtube server...
Fetched... :-)
Getting Audio stearm Link for :- ARIJIT SINGH VERSION: Bekhayali Full Song | Kabir Singh | Shahid K,Kiara A | Sandeep Reddy V| Irshad ;-)
0 out of 100
Invalid link or Video is removed form the youtube!!!
Getting Audio stearm Link for :- Tum Hi Ho Aashiqui 2 Full Video Song HD | Aditya Roy Kapur, Shraddha Kapoor | Music - Mithoon ;-)
1 out of 100
Invalid link or Video is removed form the youtube!!!
Getting Audio stearm Link for :- Soch Na Sake FULL VIDEO SONG | AIRLIFT | Akshay Kumar, Nimrat Kaur | Arijit Singh, Tulsi Kumar ;-)
2 out of 100
Invalid link or Video is removed form the youtube!!!
Getting Audio stearm Link for :- Arijit Singh: Pachtaoge | Vicky Kaushal, Nora Fatehi |Jaani, B Praak, Arvindr Khaira | Bhushan Kumar ;-)
3 out of 100
Getting Audio stearm Link for :- Full Song: Tujhe Kitna Chahein Aur Film Version | Kabir Singh | Shahid K, Kiara A | Mithoon |Jubin ;-)
4 out of 100
Invalid link or Video is removed form the youtube!!!
Getting Audio stearm Link for :- Atif A: Dekhte Dekhte Song | Batti Gul Meter Chalu | Shahid K Shraddha K | Nusrat Saab Rochak Manoj ;-)
5 out of 100
Invalid link or Video is removed form the youtube!!!
Getting Audio stearm Link for :- SIMMBA: Tere Bin | Ranveer Singh, Sara Ali Khan | Tanishk Bagchi, Rahat Fateh Ali Khan, Asees Kaur ;-)
6 out of 100
Invalid link or Video is removed form the youtube!!!
Getting Audio stearm Link for :- FULL SONG: Chashni | Bharat | Salman Khan, Katrina Kaif | Vishal & Shekhar ft. Abhijeet Srivastava ;-)
7 out of 100
Invalid link or Video is removed form the youtube!!!
Getting Audio stearm Link for :- Main Rahoon Ya Na Rahoon Full Video | Emraan Hashmi, Esha Gupta | Amaal Mallik, Armaan Malik ;-)
8 out of 100
Invalid link or Video is removed form the youtube!!!
Getting Audio stearm Link for :- Guru Randhawa: Ishq Tera Official Video | Nushrat Bharucha | Bhushan Kumar | T-Series ;-)
9 out of 100
Invalid link or Video is removed form the youtube!!!
Getting Audio stearm Link for :- Millind Gaba Zindagi Di Paudi | Bhushan Kumar | Jannat Zubair, Nirmaan, Shabby | Hindi New Song 2019 ;-)
10 out of 100
Invalid link or Video is removed form the youtube!!!
Getting Audio stearm Link for :- Full Video: CHALE AANA | De De Pyaar De I Ajay Devgn, Tabu, Rakul Preet l Armaan M, Amaal M,Kunaal V ;-)
11 out of 100
Invalid link or Video is removed form the youtube!!!
Getting Audio stearm Link for :- Tum Hi Aana Full Video | Marjaavaan | Riteish D, Sidharth M, Tara S | Jubin N | Payal Dev Kunaal V ;-)
12 out of 100
Invalid link or Video is removed form the youtube!!!
Getting Audio stearm Link for :- Roke Na Ruke Naina Full Video Song | Arijit Singh | Varun, Alia |Amaal MallikBadrinath Ki Dulhania ;-)
13 out of 100
Invalid link or Video is removed form the youtube!!!
Getting Audio stearm Link for :- AGAR TUM SAATH HO Full VIDEO song | Tamasha | Ranbir Kapoor, Deepika Padukone | T-Series ;-)
14 out of 100
Invalid link or Video is removed form the youtube!!!
Getting Audio stearm Link for :- Mast Magan FULL Video Song | 2 States | Arijit Singh | Arjun Kapoor, Alia Bhatt ;-)
15 out of 100
Invalid link or Video is removed form the youtube!!!
Getting Audio stearm Link for :- Full Video:Tu Hi Yaar Mera | Pati Patni Aur Woh | Kartik A,Bhumi P,Ananya P| Rochak,Arijit S,Neha K ;-)
16 out of 100
Invalid link or Video is removed form the youtube!!!
Getting Audio stearm Link for :- Full Video: Tum Se Hi | Jab We Met | Kareena Kapoor, Shahid Kapoor | Mohit Chauhan | Pritam ;-)
17 out of 100
Invalid link or Video is removed form the youtube!!!
Getting Audio stearm Link for :- Luka Chuppi: Duniyaa Full Video Song | Kartik Aaryan Kriti Sanon | Akhil | Dhvani B ;-)
18 out of 100
Invalid link or Video is removed form the youtube!!!
Getting Audio stearm Link for :- Sunn Raha Hai Na Tu Aashiqui 2 Full Video Song | Aditya Roy Kapur, Shraddha Kapoor ;-)
19 out of 100
Invalid link or Video is removed form the youtube!!!
Getting Audio stearm Link for :- Official Video: Humnava Mere Song | Jubin Nautiyal | Manoj Muntashir | Rocky - Shiv | Bhushan Kumar ;-)
20 out of 100
Invalid link or Video is removed form the youtube!!!
Getting Audio stearm Link for :- LYRICAL:Dilbara B Praak Version| Pati Patni Aur Woh |Kartik A,Bhumi P,Ananya P|Sachet & Parampara ;-)
21 out of 100
Invalid link or Video is removed form the youtube!!!
Getting Audio stearm Link for :- Ghar Se Nikalte Hi Song | Amaal Mallik Feat. Armaan Malik | Bhushan Kumar | Angel ;-)
22 out of 100
Invalid link or Video is removed form the youtube!!!
Getting Audio stearm Link for :- JAB TAK Full Video | M.S. DHONI -THE UNTOLD STORY | Armaan Malik, Amaal Mallik |Sushant Singh Rajput ;-)
23 out of 100
Invalid link or Video is removed form the youtube!!!
Getting Audio stearm Link for :- ZERO: Mere Naam Tu Full Song | Shah Rukh Khan, Anushka Sharma, Katrina Kaif | Ajay-Atul |T-Series ;-)
24 out of 100
Invalid link or Video is removed form the youtube!!!
Getting Audio stearm Link for :- Itni Si Baat Hain Full Video Song | AZHAR | Emraan Hashmi, Prachi Desai | Arijit Singh, Pritam ;-)
25 out of 100
Getting Audio stearm Link for :- Atif Aslam: Pehli Dafa Song Video | Ileana D’Cruz | Latest Hindi Song 2017 | T-Series ;-)
26 out of 100
Getting Audio stearm Link for :- Humsafar Full Video  | Varun & Alia Bhatt | Akhil Sachdeva | Badrinath Ki Dulhania ;-)
27 out of 100
Invalid link or Video is removed form the youtube!!!
Getting Audio stearm Link for :- Banjaara Full Video Song | Ek Villain | Shraddha Kapoor, Siddharth Malhotra ;-)
28 out of 100
Invalid link or Video is removed form the youtube!!!
Getting Audio stearm Link for :- Full Song:Tera Ban Jaunga | Kabir Singh | Shahid K, Kiara A, Sandeep V | Tulsi Kumar, Akhil Sachdeva ;-)
29 out of 100
Invalid link or Video is removed form the youtube!!!
Getting Audio stearm Link for :- Full Video: Naina Lade | Dabangg 3 | Salman Khan, Saiee Manjrekar | Javed Ali | Sajid Wajid ;-)
30 out of 100
Invalid link or Video is removed form the youtube!!!
Getting Audio stearm Link for :- Rom Rom Full Video | The Body | Rishi K, Emraan H, Sobhita, Vedhika | Sunny, Shamir T, Sameer A ;-)
31 out of 100
Invalid link or Video is removed form the youtube!!!
Getting Audio stearm Link for :- Dilbara Full Video | Pati Patni Aur Woh | Kartik A, Bhumi P, Ananya P | Sachet-Parampara ;-)
32 out of 100
Invalid link or Video is removed form the youtube!!!
Getting Audio stearm Link for :- Tere Sang Full Video | Satellite Shankar | Sooraj, Megha |Mithoon Featuring Arijit Singh,Aakanksha S ;-)
33 out of 100
Invalid link or Video is removed form the youtube!!!
Getting Audio stearm Link for :- Kinna Sona Video | Marjaavaan | Sidharth M, Tara S | Meet Bros, Kumaar, Jubin N, Dhvani Bhanushali ;-)
34 out of 100
Invalid link or Video is removed form the youtube!!!
Getting Audio stearm Link for :- Tere Sang Video | Satellite Shankar | Sooraj, Megha | Mithoon Featuring Arijit Singh Aakanksha S ;-)
35 out of 100
Invalid link or Video is removed form the youtube!!!
Getting Audio stearm Link for :- Muntashir Ki Diary Se: Aaoge Jab Tum | Episode 16 | Manoj Muntashir |  T-Series ;-)
36 out of 100
Invalid link or Video is removed form the youtube!!!
Getting Audio stearm Link for :- Tujhe Paane Ko Video | Shalin Bhanot,Priyanka Agrawal | Jubin Nautiyal Neeti Mohan Abhijit V Manoj M ;-)
37 out of 100
Invalid link or Video is removed form the youtube!!!
Getting Audio stearm Link for :- Armaan Malik: Tootey Khaab Official Video | Songster, Kunaal Vermaa | Shabby | Bhushan Kumar ;-)
38 out of 100
Invalid link or Video is removed form the youtube!!!
Getting Audio stearm Link for :- Full Video: Enni Soni | Saaho | Prabhas, Shraddha Kapoor | Guru Randhawa, Tulsi Kumar ;-)
39 out of 100
Invalid link or Video is removed form the youtube!!!
Getting Audio stearm Link for :- Tera Ban Jaunga Reprise | Akhil Sachdeva | T-Series Acoustics | Love Song 2019 | T-Series ;-)
40 out of 100
Invalid link or Video is removed form the youtube!!!
Getting Audio stearm Link for :- Full Video: NAAD KHULA | Malaal | Sharmin Segal | Meezaan | Shreyas Puranik ;-)
41 out of 100
Invalid link or Video is removed form the youtube!!!
Getting Audio stearm Link for :- Full Song:  DIL JAANIYE | Khandaani Shafakhana |Sonakshi S, Priyansh |Jubin N ,Tulsi Kumar,Payal Dev ;-)
42 out of 100
Invalid link or Video is removed form the youtube!!!
Getting Audio stearm Link for :- Full Song: Sachiya Mohabbatan | Arjun Patiala | Diljit Dosanjh, Kriti | Sachet Tandon | Sachin-Jigar ;-)
43 out of 100
Invalid link or Video is removed form the youtube!!!
Getting Audio stearm Link for :- Hai Pyaar Kya? Video | Jubin Nautiyal, Kritika Kamra | Rocky - Jubin | Love Song 2019 | T-Series ;-)
44 out of 100
Invalid link or Video is removed form the youtube!!!
Getting Audio stearm Link for :- DIL JAANIYE Video | Khandaani Shafakhana | Sonakshi Sinha |Jubin Nautiyal,Payal Dev | Love Song 2019 ;-)
45 out of 100
Invalid link or Video is removed form the youtube!!!
Getting Audio stearm Link for :- Khuda Ka Noor Video | One Day: Justice Delivered | Sunidhi Chauhan | Vikrant-Parijat ;-)
46 out of 100
Invalid link or Video is removed form the youtube!!!
Getting Audio stearm Link for :- KATTHAI KATTHAI Video | Malaal | Sharmin Segal | Meezaan | Sanjay Leela Bhansali | Shreya Ghoshal ;-)
47 out of 100
Invalid link or Video is removed form the youtube!!!
Getting Audio stearm Link for :- Tera Shehar Video | Himansh Kohli, Pia B | Amaal Mallik | Mohd. Kalam | Manoj Muntashir | Shabby ;-)
48 out of 100
Invalid link or Video is removed form the youtube!!!
Getting Audio stearm Link for :- Manmohini Video | HUME TUMSE PYAAR KITNA | Karanvir B | Priya B | Mika Singh, Kanika Kapoor, Ikka ;-)
49 out of 100
Invalid link or Video is removed form the youtube!!!
Getting Audio stearm Link for :- Full Song: TU MILA TO HAINA | De De Pyaar De | Ajay Devgn, Rakul | Arijit Singh,Amaal Mallik,Kunaal ;-)
50 out of 100
Invalid link or Video is removed form the youtube!!!
Getting Audio stearm Link for :- HUMNE RAIT PE Song |  HUME TUMSE PYAAR KITNA | Tony Kakkar, Neha Kakkar | Karanvir Bohra | Priya B ;-)
51 out of 100
Invalid link or Video is removed form the youtube!!!
Getting Audio stearm Link for :- Chashni Reprise Song | Bharat | Salman Khan, Katrina Kaif | Vishal & Shekhar ft. Neha Bhasin ;-)
52 out of 100
Getting Audio stearm Link for :- Full Song: Safar | Zaheer Iqbal & Pranutan Bahl | Mohit Chauhan | Vishal Mishra ;-)
53 out of 100
Invalid link or Video is removed form the youtube!!!
Getting Audio stearm Link for :- Full Video: Laila Song | Zaheer Iqbal & Pranutan Bahl | Dhvani Bhanushali | Vishal Mishra ;-)
54 out of 100
Getting Audio stearm Link for :- TU MILA TO HAINA: De De Pyaar De | Ajay Devgn, Rakul | Arijit Singh, Amaal Mallik, Kunaal Vermaa ;-)
55 out of 100
Invalid link or Video is removed form the youtube!!!
Getting Audio stearm Link for :- NOTEBOOK: Main Taare Full Video | Salman Khan | Pranutan Bahl | Zaheer Iqbal | Vishal M | Manoj M ;-)
56 out of 100
Invalid link or Video is removed form the youtube!!!
Getting Audio stearm Link for :- Bumro Full Song | Notebook | Zaheer Iqbal & Pranutan Bahl | Kamaal Khan | Vishal Mishra ;-)
57 out of 100
Invalid link or Video is removed form the youtube!!!
Getting Audio stearm Link for :- Notebook: Safar Video | Zaheer Iqbal & Pranutan Bahl | Mohit Chauhan | Vishal Mishra ;-)
58 out of 100
Invalid link or Video is removed form the youtube!!!
Getting Audio stearm Link for :- BAARISHEIN Song | Arko Feat. Atif Aslam  & Nushrat Bharucha | New Romantic Song 2019 | T-Series ;-)
59 out of 100
Invalid link or Video is removed form the youtube!!!
Getting Audio stearm Link for :- FULL SONG: Tere Bin | SIMMBA | Ranveer Singh, Sara Ali Khan | Tanishk B,Rahat Fateh Ali Khan,Asees K ;-)
60 out of 100
Invalid link or Video is removed form the youtube!!!
Getting Audio stearm Link for :- TERE JAISA | T-Series Acoustics | TULSI KUMAR & ARKO | SATYAMEVA JAYATE | Bollywood Songs ;-)
61 out of 100
Invalid link or Video is removed form the youtube!!!
Getting Audio stearm Link for :- Tera Hua Full Song | Loveyatri | Atif Aslam | Aayush Sharma |Warina Hussain |Tanishk Bagchi Manoj M ;-)
62 out of 100
Invalid link or Video is removed form the youtube!!!
Getting Audio stearm Link for :- Full Video: Nazar Na Lag Jaaye | STREE | Rajkummar Rao, Shraddha Kapoor | Ash King & Sachin-Jigar ;-)
63 out of 100
Invalid link or Video is removed form the youtube!!!
Getting Audio stearm Link for :- Halka Halka Full Video | FANNEY KHAN | Aishwarya Rai Bachchan | Rajkummar Rao | Amit Trivedi ;-)
64 out of 100
Getting Audio stearm Link for :- Saansein Video Song | Karwaan | Irrfan Khan, Dulquer Salmaan, Mithila Palkar | Prateek Kuhad ;-)
65 out of 100
Invalid link or Video is removed form the youtube!!!
Getting Audio stearm Link for :- Gal Sun Official Video Song | Akhil Sachdeva | Manoj Muntashir | Bhushan Kumar ;-)
66 out of 100
Invalid link or Video is removed form the youtube!!!
Getting Audio stearm Link for :- Soniye Dil Nayi Full Video | Baaghi 2 | Tiger Shroff, Disha Patani | Ankit Tiwari | Shruti Pathak ;-)
67 out of 100
Invalid link or Video is removed form the youtube!!!
Getting Audio stearm Link for :- Oh Humsafar Song | Neha Kakkar Himansh Kohli | Tony Kakkar | Bhushan Kumar | Manoj Muntashir ;-)
68 out of 100
Invalid link or Video is removed form the youtube!!!
Getting Audio stearm Link for :- Full Video: Lo Safar Song | Baaghi 2 | Tiger Shroff | Disha P | Mithoon | Jubin N | Ahmed K |Sajid N ;-)
69 out of 100
Invalid link or Video is removed form the youtube!!!
Getting Audio stearm Link for :- O Saathi Video Song | Baaghi 2 | Tiger Shroff | Disha Patani | Arko | Ahmed Khan | Sajid Nadiadwala ;-)
70 out of 100
Invalid link or Video is removed form the youtube!!!
Getting Audio stearm Link for :- Soniye Dil Nayi Video Song | Baaghi 2 | Tiger Shroff | Disha Patani | Ankit Tiwari |Shruti Pathak ;-)
71 out of 100
Invalid link or Video is removed form the youtube!!!
Getting Audio stearm Link for :- Full Video :Tum Mere Ho Song | Hate Story IV | Vivan Bhathena Ihana Dhillon |Mithoon Jubin N Manoj M ;-)
72 out of 100
Invalid link or Video is removed form the youtube!!!
Getting Audio stearm Link for :- Baaghi 2: Lo Safar Song | Tiger Shroff | Disha P | Mithoon | Jubin N | Ahmed Khan Sajid Nadiadwala ;-)
73 out of 100
Getting Audio stearm Link for :- Mohabbat Nasha Hai FILM VERSION| Hate Story IV |Neha Kakkar Tony Kakkar Urvashi Rautela Karan Wahi ;-)
74 out of 100
Invalid link or Video is removed form the youtube!!!
Getting Audio stearm Link for :- Tera Yaar Hoon Main Video | Sonu Ke Titu Ki Sweety | Arijit Singh Rochak Kohli | Song 2018 ;-)
75 out of 100
Invalid link or Video is removed form the youtube!!!
Getting Audio stearm Link for :- Sanu Ek Pal Chain Video | Raid | Ajay Devgn | Ileana DCruz| Tanishk B Rahat Fateh Ali Khan Manoj M ;-)
76 out of 100
Invalid link or Video is removed form the youtube!!!
Getting Audio stearm Link for :- Boond Boond | Hate Story IV | Urvashi Rautela | Vivan B | Arko | Jubin N | Neeti Mohan Manoj M ;-)
77 out of 100
Invalid link or Video is removed form the youtube!!!
Getting Audio stearm Link for :- Gazab Ka Hai Din Video | DIL JUUNGLEE | Tanishk B Jubin N Prakriti K | Taapsee Pannu | Saqib S ;-)
78 out of 100
Invalid link or Video is removed form the youtube!!!
Getting Audio stearm Link for :- Official Video: Harjai Song | Maniesh Paul, Iulia Vantur  Sachin Gupta | Hindi Songs 2018 | T-Series ;-)
79 out of 100
Invalid link or Video is removed form the youtube!!!
Getting Audio stearm Link for :- Abhagi Piya Ki Video Song | Kanika Kapoor | Ahmed & Mohammed Hussain | T-Series ;-)
80 out of 100
Invalid link or Video is removed form the youtube!!!
Getting Audio stearm Link for :- Abhagi Piya Ki Video Song | Tera Intezaar | Arbaaz Khan | Sunny Leone | Kanika Kapoor |  T-Series ;-)
81 out of 100
Invalid link or Video is removed form the youtube!!!
Getting Audio stearm Link for :- Mehfooz Reprise Video Song | Tera Intezaar |  Arbaaz Khan | Sunny Leone ;-)
82 out of 100
Invalid link or Video is removed form the youtube!!!
Getting Audio stearm Link for :- Intezaar Title Full Video Song | Tera Intezaar | Arbaaz Khan Sunny Leone | Shreya Ghoshal |T-Series ;-)
83 out of 100
Invalid link or Video is removed form the youtube!!!
Getting Audio stearm Link for :- Tulsi Kumar: Ik Yaad Purani Song Feat. Khushali Kumar | New Hindi Song | Jashan Singh, Shaarib Toshi ;-)
84 out of 100
Invalid link or Video is removed form the youtube!!!
Getting Audio stearm Link for :- Ishquiya Full Song Video l Lipstick Under My Burkha | Songs 2017  | T-Series ;-)
85 out of 100
Invalid link or Video is removed form the youtube!!!
Getting Audio stearm Link for :- Tera Intezaar: Khali Khali Dil  Video Song | Sunny Leone | Arbaaz Khan ;-)
86 out of 100
Invalid link or Video is removed form the youtube!!!
Getting Audio stearm Link for :- Guru Randhawa Ban Ja Rani | Tumhari Sulu Video Song | Vidya Balan Manav Kaul ;-)
87 out of 100
Invalid link or Video is removed form the youtube!!!
Getting Audio stearm Link for :- Lag Ja Gale Full Video Song | Bhoomi | Rahat Fateh Ali Khan | Sachin-Jigar | Aditi Rao Hydari | ;-)
88 out of 100
Invalid link or Video is removed form the youtube!!!
Getting Audio stearm Link for :- Laagi Na Choote Full Song | A Gentleman-SSR | Sidharth |Jacqueline | Arijit Singh |Shreya  |Raj & DK ;-)
89 out of 100
Invalid link or Video is removed form the youtube!!!
Getting Audio stearm Link for :- O Saathiya Full Song | Sweetiee Weds NRI | Himansh Kohli, Zoya Afroz | Armaan Malik, Arko ;-)
90 out of 100
Invalid link or Video is removed form the youtube!!!
Getting Audio stearm Link for :- Phillauri : DUM DUM Full Video | Anushka, Diljit, Suraj, Anshai, Shashwat | Romy & Vivek | T-Series ;-)
91 out of 100
Invalid link or Video is removed form the youtube!!!
Getting Audio stearm Link for :- Ik Vaari Aa Full Song | Raabta | Sushant Singh Rajput & Kriti Sanon | Pritam Arijit Singh Amitabh B ;-)
92 out of 100
Invalid link or Video is removed form the youtube!!!
Getting Audio stearm Link for :- Ik Vaari Aa | Raabta | Sushant Singh Rajput & Kriti Sanon | Pritam Arijit Singh Amitabh Bhattacharya ;-)
93 out of 100
Invalid link or Video is removed form the youtube!!!
Getting Audio stearm Link for :- Neha Kakkar: Ring Song | Jatinder Jeetu | New Punjabi Song 2017 ;-)
94 out of 100
Invalid link or Video is removed form the youtube!!!
Getting Audio stearm Link for :- Itna Tumhe  Full Video Song  | Yaseer Desai & Shashaa Tirupati | Abbas-Mustan | T-Series ;-)
95 out of 100
Invalid link or Video is removed form the youtube!!!
Getting Audio stearm Link for :- Tu Hi Toh Mera Full Video Song | Machine | Mustafa &  Kiara Advani | Yaseer Desai & Tanishk Bagchi ;-)
96 out of 100
Invalid link or Video is removed form the youtube!!!
Getting Audio stearm Link for :- Tera Junoon Full Video Song | Machine | Jubin Nautiyal | Mustafa Kiara Advani Eshan Shanker|T-Series ;-)
97 out of 100
Invalid link or Video is removed form the youtube!!!
Getting Audio stearm Link for :- Commando 2: Tere Dil Mein | Vidyut Jammwal, Adah Sharma, Esha Gupta, Freddy Daruwala, Armaan Malik ;-)
98 out of 100
Invalid link or Video is removed form the youtube!!!
Getting Audio stearm Link for :- Arijit Singh: Yeh Ishq Hai Full Video Song | Rangoon | Saif Ali Khan, Kangana Ranaut, Shahid Kapoor ;-)
99 out of 100
Invalid link or Video is removed form the youtube!!!
total link found:- 7 
Link Already exist or Unable to enter ;-)
1062 (23000): Duplicate entry 'tucWbkH5WX0' for key 'hindi_songs.PRIMARY'
All changes save to Database ^_^ 
Enjoy your Day!!!
fetching metadata from youtube server...
Fetched... :-)
Getting Audio stearm Link for :- Maana Ke Hum Yaar Nahin Song | Meri Pyaari Bindu | Ayushmann Khurrana | Parineeti Chopra ;-)
0 out of 145
Invalid link or Video is removed form the youtube!!!
Getting Audio stearm Link for :- Enna Sona – OK Jaanu | Shraddha Kapoor | Aditya Roy Kapur | A.R. Rahman | Arijit Singh ;-)
1 out of 145
Invalid link or Video is removed form the youtube!!!
Getting Audio stearm Link for :- Roke Na Ruke Naina Video Song | Arijit Singh | Varun, Alia | Amaal MallikBadrinath Ki Dulhania ;-)
2 out of 145
Invalid link or Video is removed form the youtube!!!
Getting Audio stearm Link for :- The Humma Song – OK Jaanu | Shraddha Kapoor | Aditya Roy Kapur | A.R. Rahman, Badshah, Tanishk ;-)
3 out of 145
Invalid link or Video is removed form the youtube!!!
Getting Audio stearm Link for :- Badri Ki Dulhania Title Track Varun, Alia, Tanishk, Neha, Monali, Ikka | Badrinath Ki Dulhania ;-)
4 out of 145
Invalid link or Video is removed form the youtube!!!
Getting Audio stearm Link for :- Bolna - Kapoor & Sons | Sidharth Malhotra | Alia Bhatt | Fawad Khan | Arijit Singh | Asees | Tanishk ;-)
5 out of 145
Invalid link or Video is removed form the youtube!!!
Getting Audio stearm Link for :- Ek Ajnabee Haseena Se Mulakat Ho Gai Full Song || Valentine day Special ;-)
6 out of 145
Invalid link or Video is removed form the youtube!!!
Getting Audio stearm Link for :- Hua Hain Aaj Pehli Baar FULL VIDEO | SANAM RE | Pulkit Samrat, Urvashi Rautela | Divya Khosla Kumar ;-)
7 out of 145
Invalid link or Video is removed form the youtube!!!
Getting Audio stearm Link for :- SANAM RE Title  Song FULL VIDEO | Pulkit Samrat, Yami Gautam, Urvashi Rautela | Divya Khosla Kumar ;-)
8 out of 145
Invalid link or Video is removed form the youtube!!!
Getting Audio stearm Link for :- JAB TAK Full Video | M.S. DHONI -THE UNTOLD STORY | Armaan Malik, Amaal Mallik |Sushant Singh Rajput ;-)
9 out of 145
Invalid link or Video is removed form the youtube!!!
Getting Audio stearm Link for :- RAAZ AANKHEIN TERI Full Song | Raaz Reboot |Arijit Singh |Emraan Hashmi,Kriti Kharbanda,Gaurav Arora ;-)
10 out of 145
Invalid link or Video is removed form the youtube!!!
Getting Audio stearm Link for :- LO MAAN LIYA Full Video Song | Raaz Reboot | Arijit Singh|Emraan Hashmi,Kriti Kharbanda,Gaurav Arora ;-)
11 out of 145
Invalid link or Video is removed form the youtube!!!
Getting Audio stearm Link for :- BOL DO NA ZARA Full Video Song | AZHAR | Emraan Hashmi, Nargis Fakhri | Armaan Malik, Amaal Mallik ;-)
12 out of 145
Invalid link or Video is removed form the youtube!!!
Getting Audio stearm Link for :- Jag Ghoomeya - Full Song | Sultan | Salman Khan | Anushka Sharma | Rahat, Vishal & Shekhar, Irshad K ;-)
13 out of 145
Getting Audio stearm Link for :- Bulleya - Full Song | Sultan | Salman Khan | Anushka Sharma | Papon ;-)
14 out of 145
Getting Audio stearm Link for :- The Breakup Song - Ae Dil Hai Mushkil |  Latest Official Song 2016 | Pritam | Arijit I Badshah ;-)
15 out of 145
Getting Audio stearm Link for :- Wajah Tum Ho: Dil Ke Paas Song | Arijit Singh, Tulsi Kumar ;-)
16 out of 145
Getting Audio stearm Link for :- Maahi Ve Video Song Wajah Tum Ho | Neha Kakkar, Sana, Sharman, Gurmeet | Vishal Pandya ;-)
17 out of 145
Getting Audio stearm Link for :- Channa Mereya -  Ae Dil Hai Mushkil | Karan Johar | Ranbir | Anushka | Pritam | Arijit Singh ;-)
18 out of 145
Getting Audio stearm Link for :- Ae Dil Hai Mushkil - Full Song Video | Karan Johar | Aishwarya, Ranbir, Anushka | Pritam | Arijit ;-)
19 out of 145
Getting Audio stearm Link for :- The Sizzling Sana Version :Dil Mein Chhupa Loonga Song | Wajah Tum Ho | Armaan Malik,Tulsi Kumar ;-)
20 out of 145
Getting Audio stearm Link for :- Dil Mein Chhupa Loonga Lyrical Video | Wajah Tum Ho | Armaan Malik & Tulsi Kumar | Meet Bros ;-)
21 out of 145
Getting Audio stearm Link for :- Tum Jo Mile Video Song | Armaan Malik | SAANSEIN | Rajneesh Duggal, Sonarika Bhadoria ;-)
22 out of 145
Getting Audio stearm Link for :- Bulleya – Ae Dil Hai Mushkil | Karan Johar | Aishwarya, Ranbir, Anushka | Pritam | Amit Mishra ;-)
23 out of 145
Getting Audio stearm Link for :- HIGH HEELS TE NACHCHE Video Song | KI & KA | Meet Bros ft. Jaz Dhami | Yo Yo Honey Singh | T-Series ;-)
24 out of 145
Getting Audio stearm Link for :- Kala Chashma | Baar Baar Dekho | Sidharth M Katrina K | Prem & Hardeep ft Badshah Neha K Indeep ;-)
25 out of 145
Getting Audio stearm Link for :- Phir Le Aya Dil-Redux Full Video - Barfi!|Ranbir, Priyanka Chopra, Ileana DCruz|Shafqat ;-)
26 out of 145
Getting Audio stearm Link for :- Kahin To Hogi Woh full song HD Best Video ;-)
27 out of 145
Getting Audio stearm Link for :- LUV LETTER VIDEO SONG | The Legend of Michael Mishra | MEET BROS,KANIKA KAPOOR | T-Series ;-)
28 out of 145
Getting Audio stearm Link for :- Sau Tarah Ke Video Song | Dishoom | John Abraham | Varun Dhawan | Jacqueline Fernandez | Pritam ;-)
29 out of 145
Getting Audio stearm Link for :- Baaki Baatein Peene Baad - Arjun Kanungo feat. Badshah | Nikke Nikke Shots | Party Song of The Year ;-)
30 out of 145
Getting Audio stearm Link for :- Kulwinder Billa Time Table 2 ਟਾਈਮ ਟੇਬਲ 2 Full Video | Latest Punjabi Song 2015 ;-)
31 out of 145
Getting Audio stearm Link for :- Raabta Kehte Hain Khuda Full Song With Lyrics | Agent Vinod | Saif Ali Khan, Kareena Kapoor ;-)
32 out of 145
Getting Audio stearm Link for :- Saibo Full Video - Shor In The City|Radhika Apte,Tusshar|Shreya Ghoshal,Tochi Raina ;-)
33 out of 145
Getting Audio stearm Link for :- Salaam-E-Ishq Full Song Film - Salaam-E-Ishq ;-)
34 out of 145
Getting Audio stearm Link for :- Teri Ore - Singh Is Kinng HD.mp4 ;-)
35 out of 145
Getting Audio stearm Link for :- Tera Hone Laga Hoon - Video Song | Ajab Prem Ki Ghazab Kahani | Ranbir, Katrina | Atif Aslam ;-)
36 out of 145
Getting Audio stearm Link for :- Saiyaara - Full Song | Ek Tha Tiger | Salman Khan | Katrina Kaif | Mohit Chauhan | Taraannum Mallik ;-)
37 out of 145
Getting Audio stearm Link for :- Humnava Full Video - Hamari Adhuri Kahani|Emraan Hashmi, Vidya Balan|Papon|Mithoon ;-)
38 out of 145
Getting Audio stearm Link for :- FULL VIDEO: Pee Loon | Once Upon A Time in Mumbai | Emraan Hashmi, Prachi  | Pritam| Mohit Chauhan ;-)
39 out of 145
Getting Audio stearm Link for :- Alvida Full Video - Life in a Metro|Kangna Ranaut, Shilpa Shetty, Irrfan Khan|Pritam, KK ;-)
40 out of 145
Getting Audio stearm Link for :- In Dino Full Video - Life in a Metro|Kangna Ranaut,Shilpa Shetty,Konkona|Soham|Pritam ;-)
41 out of 145
Getting Audio stearm Link for :- Hamari Adhuri Kahani Title Track Full Video - Emraan Hashmi,Vidya Balan|Arijit Singh ;-)
42 out of 145
Getting Audio stearm Link for :- Hasi Full Video - Hamari Adhuri Kahani|Emraan Hashmi, Vidya Balan|Ami Mishra|Mohit Suri ;-)
43 out of 145
Getting Audio stearm Link for :- Angreji Beat  Honey Singh Full Song | Cocktail | Deepika Padukone | Saif Ali Khan ;-)
44 out of 145
Getting Audio stearm Link for :- Breakup Party - Upar Upar In The Air - Yo Yo Honey Singh - Leo - New Song 2016 ;-)
45 out of 145
Getting Audio stearm Link for :- HIGH HEELS OFFICIAL VIDEO - JAZ DHAMI FT YO YO HONEY SINGH ;-)
46 out of 145
Getting Audio stearm Link for :- Dope Shope - Yo Yo Honey Singh and Deep Money - Brand New Punjabi Songs HD - International Villager ;-)
47 out of 145
Getting Audio stearm Link for :- Brown Rang - Yo Yo Honey Singh Indias No.1 Video 2012 ;-)
48 out of 145
Getting Audio stearm Link for :- Sunny Sunny Yaariyan Feat.Yo Yo Honey Singh Video Song | Himansh Kohli, Rakul Preet ;-)
49 out of 145
Getting Audio stearm Link for :- Chaar Botal Vodka Full Song Feat. Yo Yo Honey Singh, Sunny Leone | Ragini MMS 2 ;-)
50 out of 145
Getting Audio stearm Link for :- Birthday Bash FULL VIDEO SONG | Yo Yo Honey Singh | Dilliwaali Zaalim Girlfriend | Divyendu Sharma ;-)
51 out of 145
Getting Audio stearm Link for :- Official: Desi Kalakaar Full VIDEO Song | Yo Yo Honey Singh | Honey Singh New Songs 2014 ;-)
52 out of 145
Getting Audio stearm Link for :- Lungi Dance Chennai Express New Video Feat. Honey Singh, Shahrukh Khan, Deepika ;-)
53 out of 145
Getting Audio stearm Link for :- Devil Yaar Naa Miley Song with LYRICS | Salman Khan | Yo Yo Honey Singh | Kick ;-)
54 out of 145
Getting Audio stearm Link for :- Exclusive: LOVE DOSE Full Video Song | Yo Yo Honey Singh, Urvashi Rautela | Desi Kalakaar ;-)
55 out of 145
Getting Audio stearm Link for :- Blue Eyes Full Video Song Yo Yo Honey Singh | Blockbuster Song Of 2013 ;-)
56 out of 145
Getting Audio stearm Link for :- Nagada Sang Dhol Video Song | Goliyon Ki Raasleela Ram-leela | Deepika Padukone, Ranveer Singh ;-)
57 out of 145
Getting Audio stearm Link for :- Afghan Jalebi Ya Baba VIDEO Song | Phantom | Saif Ali Khan, Katrina Kaif | T-Series ;-)
58 out of 145
Getting Audio stearm Link for :- Deewani Mastani | Official Video Song | Bajirao Mastani | Deepika Padukone, Ranveer Singh, Priyanka ;-)
59 out of 145
Getting Audio stearm Link for :- Agar Tum Saath Ho FULL AUDIO Song | Tamasha | Ranbir Kapoor, Deepika Padukone | T-Series ;-)
60 out of 145
Getting Audio stearm Link for :- Main Rahoon Ya Na Rahoon Full Video | Emraan Hashmi, Esha Gupta | Amaal Mallik, Armaan Malik ;-)
61 out of 145
Getting Audio stearm Link for :- Janam Janam – Dilwale | Shah Rukh Khan | Kajol | Pritam | SRK Kajol Official New Song Video 2015 ;-)
62 out of 145
Getting Audio stearm Link for :- Manma Emotion Jaage - Dilwale | Varun Dhawan | Kriti Sanon | Party Anthem of 2016 ;-)
63 out of 145
Getting Audio stearm Link for :- Gerua - Shah Rukh Khan | Kajol | Dilwale | Pritam | SRK Kajol Official New Song Video 2015 ;-)
64 out of 145
Getting Audio stearm Link for :- Kahin To Hogi Wo  - Jaane Tu Ya Jaane Na - Full Video ;-)
65 out of 145
Getting Audio stearm Link for :- Ajj Din Chadheya - Love Aaj Kal 1080p.flv ;-)
66 out of 145
Getting Audio stearm Link for :- One Bottle Down FULL VIDEO SONG | Yo Yo Honey Singh | T-SERIES ;-)
67 out of 145
Getting Audio stearm Link for :- Teri Meri Kahaani | Gabbar Is Back | Akshay Kumar & Kareena Kapoor | Arijit Singh & Palak Muchal ;-)
68 out of 145
Getting Audio stearm Link for :- Aao Raja - Gabbar Is Back | Chitrangada Singh | Yo Yo Honey Singh & Neha Kakkar ;-)
69 out of 145
Getting Audio stearm Link for :- Ill Be Waiting Kabhi Jo Baadal Arjun Feat.Arijit Singh | Full Video Song HD ;-)
70 out of 145
Getting Audio stearm Link for :- Ye Dooriyan -  complete movie, in a single song. ;-)
71 out of 145
Getting Audio stearm Link for :- Baarish Yaariyan Full Video Song Official | Himansh Kohli, Rakul Preet ;-)
72 out of 145
Getting Audio stearm Link for :- Jadoo Ki Jhappi Lyrical Video - Ramaiya Vastavaiya | Girish Kumar & Shruti | Mika Singh, Neha Kakkar ;-)
73 out of 145
Getting Audio stearm Link for :- Queen: O Gujariya Full Video Song | Kangana Ranaut, Lisa Haydon, Raj Kumar Rao ;-)
74 out of 145
Getting Audio stearm Link for :- OFFICIAL: Manwa Laage VIDEO Song | Happy New Year | Shah Rukh Khan | Arijit Singh | Shreya Ghoshal ;-)
75 out of 145
Getting Audio stearm Link for :- Lungi Dance The Thalaiva Tribute Official Full Song | Honey Singh, Shahrukh Khan, Deepika Padukone ;-)
76 out of 145
Getting Audio stearm Link for :- Baatein Ye Kabhi Na Full Video - Khamoshiyan|Arijit Singh|Ali Fazal, Sapna|Jeet Gannguli ;-)
77 out of 145
Getting Audio stearm Link for :- Tu Har Lamha - Khamoshiyan | New Full Song Video | Arijit Singh | Ali Fazal | Sapna Pabbi ;-)
78 out of 145
Getting Audio stearm Link for :- Keeda Unseen Video Song | Action Jackson | Ajay Devgn & Sonakshi Sinha ;-)
79 out of 145
Getting Audio stearm Link for :- Mileya Mileya Video Song | Happy Ending | Saif Ali Khan | Ileana DCruz ;-)
80 out of 145
Getting Audio stearm Link for :- Vele Full Video - SOTY|Sidharth Malhotra,Varun Dhawan|Vishal Dadlani,Shekhar Ravjiani ;-)
81 out of 145
Getting Audio stearm Link for :- Radha - SOTY | Alia Bhatt | Sidharth Malhotra | Varun Dhawan |Udit Narayan|Shreya Ghoshal ;-)
82 out of 145
Getting Audio stearm Link for :- Desi Girl Full Video - Dostana|John,Abhishek,Priyanka|Sunidhi Chauhan, Vishal Dadlani ;-)
83 out of 145
Getting Audio stearm Link for :- Saturday Saturday Full Video - Humpty Sharma Ki Dulhania|Varun, Alia|Badshah, Akriti K ;-)
84 out of 145
Getting Audio stearm Link for :- Samjhawan Unplugged | Humpty Sharma Ki Dulhania | Singer: Alia Bhatt ;-)
85 out of 145
Getting Audio stearm Link for :- Heartless: Main Dhoondne Ko Zamaane Mein Video Song | Arijit Singh | Adhyayan Suman, Ariana Ayam ;-)
86 out of 145
Getting Audio stearm Link for :- Muskurane ki wajah tum ho- Arijit Singh. ;-)
87 out of 145
ERROR: -cIBDKrXYqE: YouTube said: Unable to extract video data
Invalid link or Video is removed form the youtube!!!
Getting Audio stearm Link for :- Muskurane ki wajah tum ho Full Video Song ;-)
88 out of 145
ERROR: D4azTSXTfpk: YouTube said: Unable to extract video data
Invalid link or Video is removed form the youtube!!!
Getting Audio stearm Link for :- Bhula Dena Mujhe - Aashiqui 2 Full Video Song with Lyrics - Asra Afghan ;-)
89 out of 145
Getting Audio stearm Link for :- Piya Aaye Na Aashiqui 2 Full Video Song | Aditya Roy Kapur, Shraddha Kapoor ;-)
90 out of 145
Getting Audio stearm Link for :- Milne Hai Mujhse Aayi Aashiqui 2 Full Video Song | Aditya Roy Kapur, Shraddha Kapoor ;-)
91 out of 145
Getting Audio stearm Link for :- Jaise Mera Tu Video Song | Happy Ending | Saif Ali Khan, Ileana Dcruz ;-)
92 out of 145
Getting Audio stearm Link for :- Suno Na Sangemarmar Full Song Youngistaan | Arijit Singh | Jackky Bhagnani, Neha Sharma ;-)
93 out of 145
Getting Audio stearm Link for :- Suno Na Sangemarmar Full Song with Lyrics | Youngistaan | Jackky Bhagnani, Neha Sharma ;-)
94 out of 145
Getting Audio stearm Link for :- Kabhi Jo Baadal Barse - Jackpot ;-)
95 out of 145
Getting Audio stearm Link for :- Aashiq Mizaaj - Official Video HD | The Shaukeens | Aman Trikha - Hard Kaur ;-)
96 out of 145
Getting Audio stearm Link for :- Manali Trance | Yo Yo Honey Singh & Neha Kakkar | The Shaukeens | Lisa Haydon | Akshay Kumar ;-)
97 out of 145
Getting Audio stearm Link for :- Khamoshiyan Video - Title Track|Arijit Singh|Ali Fazal, Sapna Pabbi, Gurmeet Choudhary ;-)
98 out of 145
Getting Audio stearm Link for :- Happy Birthday Atif Aslam !!! ;-)
99 out of 145
Getting Audio stearm Link for :- Bakhuda Tumhi Ho Full Video - Kismat Konnection | Shahid & Vidya | Atif Aslam & Alka Yagnik ;-)
100 out of 145
Getting Audio stearm Link for :- Fashion Khatam Mujhpe FULL VIDEO Song | Dolly Ki Doli | T-series ;-)
101 out of 145
Getting Audio stearm Link for :- Chittiyaan Kalaiyaan VIDEO SONG | Roy | Meet Bros Anjjan, Kanika Kapoor | T-SERIES ;-)
102 out of 145
Getting Audio stearm Link for :- Tu Hi Tu FULL VIDEO Song | Kick | Neeti Mohan | Salman Khan | Jacqueline Fernandez ;-)
103 out of 145
Getting Audio stearm Link for :- Hate Story 2 | Kabhi Aayine Pe Video Song | Jay Bhanushali | Surveen Chawla ;-)
104 out of 145
Getting Audio stearm Link for :- Chaandaniya Full Song audio 2 States | Arjun Kapoor, Alia Bhatt ;-)
105 out of 145
Getting Audio stearm Link for :- Chaandaniya FULL Video Song | 2 States | Arjun Kapoor | Alia Bhatt ;-)
106 out of 145
Getting Audio stearm Link for :- Yaariyan Love Me Thoda Aur Full Video Song | Arijit Singh | Himansh Kohli, Rakul Preet ;-)
107 out of 145
Getting Audio stearm Link for :- Dance Basanti - Official Song - Ungli - Emraan Hashmi, Shraddha Kapoor ;-)
108 out of 145
Getting Audio stearm Link for :- Madamiyan Official Full Video Song Tevar | Arjun Kapoor & Shruti Haasan ;-)
109 out of 145
Getting Audio stearm Link for :- OFFICIAL: Katra Katra - Uncut Video Song | Alone | Bipasha Basu | Karan Singh Grover ;-)
110 out of 145
Getting Audio stearm Link for :- Mast Magan FULL Video Song | 2 States | Arijit Singh | Arjun Kapoor, Alia Bhatt ;-)
111 out of 145
Getting Audio stearm Link for :- Private video ;-)
112 out of 145
ERROR: waqWldvxw_M: YouTube said: Unable to extract video data
Invalid link or Video is removed form the youtube!!!
Getting Audio stearm Link for :- Banjaara Full Video Song | Ek Villain | Shraddha Kapoor, Siddharth Malhotra ;-)
113 out of 145
Getting Audio stearm Link for :- Ek Villain: Banjaara Full Song Audio | Shraddha Kapoor, Siddharth Malhotra ;-)
114 out of 145
Getting Audio stearm Link for :- Hamdard Full Video Song | Ek Villain | Arijit Singh | Mithoon ;-)
115 out of 145
Getting Audio stearm Link for :- Full Video: Galliyan Song | Ek Villain | Ankit Tiwari | Sidharth Malhotra | Shraddha Kapoor ;-)
116 out of 145
Getting Audio stearm Link for :- Ek Villain: Galliyan Full Audio Song | Ankit Tiwari | Sidharth Malhotra | Shraddha Kapoor ;-)
117 out of 145
Getting Audio stearm Link for :- Sawan Aaya Hai Full Audio Song | Arijit Singh | Creature 3D ;-)
118 out of 145
Getting Audio stearm Link for :- Teri Ore - Rahat Fateh Ali Khan 720p Full Wide Screen ;-)
119 out of 145
Getting Audio stearm Link for :- Tuhi Meri Shab Hai Full Song Gangster- A Love Story ;-)
120 out of 145
Getting Audio stearm Link for :- Te Amo Dum Maaro Dum full song | Bipasha Basu, Rana Dagubati ;-)
121 out of 145
Getting Audio stearm Link for :- Full Video: Kabhi Kabhi Aditi Zindagi | Jaane Tu Ya Jaane Na | A.R. Rahman | Rashid Ali ;-)
122 out of 145
Getting Audio stearm Link for :- Mera Mann Kehne Laga Full Song with Lyrics | Nautanki Saala | Ayushmann Khurrana,Kunaal Roy Kapur ;-)
123 out of 145
Getting Audio stearm Link for :- Tujhe Bhula Diya Full Song Anjaana Anjaani | Ranbir Kapoor, Priyanka Chopra ;-)
124 out of 145
Getting Audio stearm Link for :- Gajendra Verma - Tune Mere Jaana Kabhi Nahi Jaana I Emptiness | Gajendra Verma Songs | Sonotek Music ;-)
125 out of 145
Getting Audio stearm Link for :- Ghagra Full Video Song| Yeh Jawaani Hai Deewani  | Madhuri Dixit, Ranbir Kapoor ;-)
126 out of 145
Getting Audio stearm Link for :- Subhanallah Yeh Jawaani Hai Deewani Latest Video Song | Ranbir Kapoor, Deepika Padukone ;-)
127 out of 145
Getting Audio stearm Link for :- Kabira Full Song Yeh Jawaani Hai Deewani | Ranbir Kapoor, Deepika Padukone ;-)
128 out of 145
Getting Audio stearm Link for :- Saajna - I Me Aur Main -  Official Full Hd Song 1080p John Abraham,Chitrangda Singh,Prachi Desai ;-)
129 out of 145
Getting Audio stearm Link for :- OFFICIAL: India Waale FULL VIDEO Song |Happy New Year | Shah Rukh Khan, Deepika Padukone ;-)
130 out of 145
Getting Audio stearm Link for :- Sharabi feat. SurjRDB & JessieK | Happy New Year | Shah Rukh Khan | Courtesy of Three Records ;-)
131 out of 145
Getting Audio stearm Link for :- OFFICIAL: Dance Like a Chammiya Full VIDEO Song | Happy New Year | Shah Rukh Khan ;-)
132 out of 145
Getting Audio stearm Link for :- Mann Mera Song - Table No.21 ft. Rajeev Khandelwal & Tina Desai ;-)
133 out of 145
Getting Audio stearm Link for :- OFFICIAL: Lovely FULL VIDEO Song | Shah Rukh Khan | Deepika Padukone | Kanika Kapoor ;-)
134 out of 145
total link found:- 119 
Link Already exist or Unable to enter ;-)
1062 (23000): Duplicate entry '0kq7TmzSp-M' for key 'hindi_songs.PRIMARY'
Link Already exist or Unable to enter ;-)
1062 (23000): Duplicate entry 'hXh35CtnSyU' for key 'hindi_songs.PRIMARY'
Link Already exist or Unable to enter ;-)
1062 (23000): Duplicate entry 'NlEqiKJjh-k' for key 'hindi_songs.PRIMARY'
Link Already exist or Unable to enter ;-)
1062 (23000): Duplicate entry 'SOessajf_Ik' for key 'hindi_songs.PRIMARY'
Link Already exist or Unable to enter ;-)
1062 (23000): Duplicate entry 'vZ_NpLWuL00' for key 'hindi_songs.PRIMARY'
Link Already exist or Unable to enter ;-)
1062 (23000): Duplicate entry 'HIbzXaBdwZw' for key 'hindi_songs.PRIMARY'
All changes save to Database ^_^ 
Enjoy your Day!!!
sleeping....  *_*
